<?xml version="1.0" encoding="UTF-8"?>
<!-- Generated by org.testng.reporters.JUnitXMLReporter -->
<testsuite ignored="1" hostname="Dell7490" failures="0" tests="1" name="Default test" time="34.153" errors="0" timestamp="2023-02-25T15:40:41 IST">
  <testcase classname="selenium.learning.LambdaTest" name="registerTest" time="34.119"/>
  <testcase classname="selenium.learning.LambdaTest" name="xpathLocator" time="0.0">
    <ignored/>
  </testcase> <!-- xpathLocator -->
</testsuite> <!-- Default test -->
